[1012/122327.120:ERROR:directory_reader_win.cc(43)] FindFirstFile: The system cannot find the path specified. (0x3)
[1012/140035.381:ERROR:directory_reader_win.cc(43)] FindFirstFile: The system cannot find the path specified. (0x3)
[1012/164424.012:ERROR:directory_reader_win.cc(43)] FindFirstFile: The system cannot find the path specified. (0x3)
[1013/041330.267:ERROR:directory_reader_win.cc(43)] FindFirstFile: The system cannot find the path specified. (0x3)
[1013/144204.531:ERROR:directory_reader_win.cc(43)] FindFirstFile: The system cannot find the path specified. (0x3)
[1013/164712.851:ERROR:directory_reader_win.cc(43)] FindFirstFile: The system cannot find the path specified. (0x3)
[1014/031107.806:ERROR:directory_reader_win.cc(43)] FindFirstFile: The system cannot find the path specified. (0x3)
[1014/145838.884:ERROR:directory_reader_win.cc(43)] FindFirstFile: The system cannot find the path specified. (0x3)
[1014/163816.861:ERROR:directory_reader_win.cc(43)] FindFirstFile: The system cannot find the path specified. (0x3)
[1015/154827.058:ERROR:directory_reader_win.cc(43)] FindFirstFile: The system cannot find the path specified. (0x3)
[1015/164300.124:ERROR:directory_reader_win.cc(43)] FindFirstFile: The system cannot find the path specified. (0x3)
[1016/034643.152:ERROR:directory_reader_win.cc(43)] FindFirstFile: The system cannot find the path specified. (0x3)
[1017/164954.311:ERROR:directory_reader_win.cc(43)] FindFirstFile: The system cannot find the path specified. (0x3)
[1019/164724.679:ERROR:directory_reader_win.cc(43)] FindFirstFile: The system cannot find the path specified. (0x3)
[1019/170555.229:ERROR:process_reader_win.cc(151)] SuspendThread: Access is denied. (0x5)
[1019/170555.229:ERROR:process_reader_win.cc(151)] SuspendThread: Access is denied. (0x5)
[1019/170555.229:ERROR:process_reader_win.cc(123)] NtOpenThread: {Access Denied} A process has requested access to an object, but has not been granted those access rights. (0xc0000022)
[1019/170555.234:ERROR:exception_snapshot_win.cc(99)] thread ID 960 not found in process
[1019/170555.348:ERROR:process_reader_win.cc(151)] SuspendThread: Access is denied. (0x5)
[1019/170555.349:ERROR:process_reader_win.cc(151)] SuspendThread: Access is denied. (0x5)
[1019/170555.349:ERROR:process_reader_win.cc(151)] SuspendThread: Access is denied. (0x5)
[1019/170555.349:ERROR:process_reader_win.cc(151)] SuspendThread: Access is denied. (0x5)
[1019/170555.349:ERROR:process_reader_win.cc(151)] SuspendThread: Access is denied. (0x5)
[1019/170555.349:ERROR:process_reader_win.cc(151)] SuspendThread: Access is denied. (0x5)
[1019/170555.350:ERROR:process_reader_win.cc(151)] SuspendThread: Access is denied. (0x5)
[1019/170555.350:ERROR:process_reader_win.cc(151)] SuspendThread: Access is denied. (0x5)
[1019/170555.350:ERROR:process_reader_win.cc(151)] SuspendThread: Access is denied. (0x5)
[1019/170555.350:ERROR:process_reader_win.cc(151)] SuspendThread: Access is denied. (0x5)
[1019/170555.350:ERROR:process_reader_win.cc(151)] SuspendThread: Access is denied. (0x5)
[1019/170555.350:ERROR:process_reader_win.cc(151)] SuspendThread: Access is denied. (0x5)
[1019/170555.350:ERROR:process_reader_win.cc(151)] SuspendThread: Access is denied. (0x5)
[1019/170555.350:ERROR:process_reader_win.cc(151)] SuspendThread: Access is denied. (0x5)
[1019/170555.350:ERROR:process_reader_win.cc(151)] SuspendThread: Access is denied. (0x5)
[1019/170555.350:ERROR:process_reader_win.cc(123)] NtOpenThread: {Access Denied} A process has requested access to an object, but has not been granted those access rights. (0xc0000022)
[1019/170555.350:ERROR:exception_snapshot_win.cc(99)] thread ID 1892 not found in process
[1021/170959.006:ERROR:directory_reader_win.cc(43)] FindFirstFile: The system cannot find the path specified. (0x3)
[1022/072438.086:ERROR:directory_reader_win.cc(43)] FindFirstFile: The system cannot find the path specified. (0x3)
[1022/135257.662:ERROR:directory_reader_win.cc(43)] FindFirstFile: The system cannot find the path specified. (0x3)
[1022/161417.683:ERROR:directory_reader_win.cc(43)] FindFirstFile: The system cannot find the path specified. (0x3)
[1023/045907.391:ERROR:directory_reader_win.cc(43)] FindFirstFile: The system cannot find the path specified. (0x3)
[1024/061535.164:ERROR:directory_reader_win.cc(43)] FindFirstFile: The system cannot find the path specified. (0x3)
[1025/182109.944:ERROR:directory_reader_win.cc(43)] FindFirstFile: The system cannot find the path specified. (0x3)
[1026/072005.595:ERROR:directory_reader_win.cc(43)] FindFirstFile: The system cannot find the path specified. (0x3)
[1027/071852.682:ERROR:directory_reader_win.cc(43)] FindFirstFile: The system cannot find the path specified. (0x3)
[1028/033923.313:ERROR:directory_reader_win.cc(43)] FindFirstFile: The system cannot find the path specified. (0x3)
[1028/072017.158:ERROR:directory_reader_win.cc(43)] FindFirstFile: The system cannot find the path specified. (0x3)
[1028/130145.889:ERROR:directory_reader_win.cc(43)] FindFirstFile: The system cannot find the path specified. (0x3)
[1028/164134.990:ERROR:directory_reader_win.cc(43)] FindFirstFile: The system cannot find the path specified. (0x3)
[1029/071658.654:ERROR:directory_reader_win.cc(43)] FindFirstFile: The system cannot find the path specified. (0x3)
[1029/141049.163:ERROR:directory_reader_win.cc(43)] FindFirstFile: The system cannot find the path specified. (0x3)
[1030/101904.031:ERROR:directory_reader_win.cc(43)] FindFirstFile: The system cannot find the path specified. (0x3)
[1030/164333.918:ERROR:directory_reader_win.cc(43)] FindFirstFile: The system cannot find the path specified. (0x3)
[1101/190311.743:ERROR:directory_reader_win.cc(43)] FindFirstFile: The system cannot find the path specified. (0x3)
[1102/072515.931:ERROR:directory_reader_win.cc(43)] FindFirstFile: The system cannot find the path specified. (0x3)
[1102/163746.686:ERROR:directory_reader_win.cc(43)] FindFirstFile: The system cannot find the path specified. (0x3)
[1103/042156.612:ERROR:directory_reader_win.cc(43)] FindFirstFile: The system cannot find the path specified. (0x3)
[1103/071107.580:ERROR:directory_reader_win.cc(43)] FindFirstFile: The system cannot find the path specified. (0x3)
[1103/152412.487:ERROR:directory_reader_win.cc(43)] FindFirstFile: The system cannot find the path specified. (0x3)
[1103/163747.836:ERROR:directory_reader_win.cc(43)] FindFirstFile: The system cannot find the path specified. (0x3)
[1104/060224.196:ERROR:directory_reader_win.cc(43)] FindFirstFile: The system cannot find the path specified. (0x3)
[1105/071009.183:ERROR:directory_reader_win.cc(43)] FindFirstFile: The system cannot find the path specified. (0x3)
[1105/163409.328:ERROR:directory_reader_win.cc(43)] FindFirstFile: The system cannot find the path specified. (0x3)
[1106/164840.732:ERROR:directory_reader_win.cc(43)] FindFirstFile: The system cannot find the path specified. (0x3)
[1109/034338.022:ERROR:directory_reader_win.cc(43)] FindFirstFile: The system cannot find the path specified. (0x3)
[1109/071117.973:ERROR:directory_reader_win.cc(43)] FindFirstFile: The system cannot find the path specified. (0x3)
[1109/165336.103:ERROR:directory_reader_win.cc(43)] FindFirstFile: The system cannot find the path specified. (0x3)
[1111/081519.005:ERROR:directory_reader_win.cc(43)] FindFirstFile: The system cannot find the path specified. (0x3)
[1111/180743.830:ERROR:directory_reader_win.cc(43)] FindFirstFile: The system cannot find the path specified. (0x3)
[1112/042418.361:ERROR:directory_reader_win.cc(43)] FindFirstFile: The system cannot find the path specified. (0x3)
[1112/165713.898:ERROR:directory_reader_win.cc(43)] FindFirstFile: The system cannot find the path specified. (0x3)
[1113/110922.790:ERROR:directory_reader_win.cc(43)] FindFirstFile: The system cannot find the path specified. (0x3)
[1115/180343.912:ERROR:crash_report_database_win.cc(457)] unexpected header
[1115/181343.920:ERROR:crash_report_database_win.cc(457)] unexpected header
[1115/181343.920:ERROR:directory_reader_win.cc(43)] FindFirstFile: The system cannot find the path specified. (0x3)
[1115/181343.920:ERROR:crash_report_database_win.cc(457)] unexpected header
[1115/181343.920:ERROR:crash_report_database_win.cc(457)] unexpected header
[1115/181843.937:ERROR:crash_report_database_win.cc(457)] unexpected header
[1115/183343.937:ERROR:crash_report_database_win.cc(457)] unexpected header
[1115/184843.942:ERROR:crash_report_database_win.cc(457)] unexpected header
[1115/190343.947:ERROR:crash_report_database_win.cc(457)] unexpected header
[1115/191843.961:ERROR:crash_report_database_win.cc(457)] unexpected header
[1115/193343.967:ERROR:crash_report_database_win.cc(457)] unexpected header
[1115/194843.970:ERROR:crash_report_database_win.cc(457)] unexpected header
[1115/200045.164:ERROR:crash_report_database_win.cc(457)] unexpected header
[1115/200343.970:ERROR:crash_report_database_win.cc(457)] unexpected header
[1115/201843.970:ERROR:crash_report_database_win.cc(457)] unexpected header
[1115/203343.973:ERROR:crash_report_database_win.cc(457)] unexpected header
[1115/204843.973:ERROR:crash_report_database_win.cc(457)] unexpected header
[1115/210343.974:ERROR:crash_report_database_win.cc(457)] unexpected header
[1115/211843.988:ERROR:crash_report_database_win.cc(457)] unexpected header
[1115/213343.990:ERROR:crash_report_database_win.cc(457)] unexpected header
[1115/214843.996:ERROR:crash_report_database_win.cc(457)] unexpected header
[1115/215435.060:ERROR:crash_report_database_win.cc(457)] unexpected header
[1115/220343.998:ERROR:crash_report_database_win.cc(457)] unexpected header
[1116/043134.598:ERROR:crash_report_database_win.cc(457)] unexpected header
[1116/044134.600:ERROR:crash_report_database_win.cc(457)] unexpected header
[1116/044134.601:ERROR:directory_reader_win.cc(43)] FindFirstFile: The system cannot find the path specified. (0x3)
[1116/044134.602:ERROR:crash_report_database_win.cc(457)] unexpected header
[1116/044134.603:ERROR:crash_report_database_win.cc(457)] unexpected header
[1116/044634.599:ERROR:crash_report_database_win.cc(457)] unexpected header
[1116/050134.599:ERROR:crash_report_database_win.cc(457)] unexpected header
[1116/051634.601:ERROR:crash_report_database_win.cc(457)] unexpected header
[1116/072213.469:ERROR:crash_report_database_win.cc(457)] unexpected header
[1116/145102.964:ERROR:crash_report_database_win.cc(457)] unexpected header
[1116/152519.373:ERROR:crash_report_database_win.cc(457)] unexpected header
[1116/165239.576:ERROR:crash_report_database_win.cc(457)] unexpected header
[1117/045409.732:ERROR:crash_report_database_win.cc(457)] unexpected header
[1117/050409.733:ERROR:crash_report_database_win.cc(457)] unexpected header
[1117/050409.733:ERROR:directory_reader_win.cc(43)] FindFirstFile: The system cannot find the path specified. (0x3)
[1117/050409.733:ERROR:crash_report_database_win.cc(457)] unexpected header
[1117/050409.733:ERROR:crash_report_database_win.cc(457)] unexpected header
[1117/050909.742:ERROR:crash_report_database_win.cc(457)] unexpected header
[1117/052409.753:ERROR:crash_report_database_win.cc(457)] unexpected header
[1117/053909.764:ERROR:crash_report_database_win.cc(457)] unexpected header
[1117/055409.767:ERROR:crash_report_database_win.cc(457)] unexpected header
[1117/060909.773:ERROR:crash_report_database_win.cc(457)] unexpected header
[1117/062411.084:ERROR:crash_report_database_win.cc(457)] unexpected header
[1117/063911.091:ERROR:crash_report_database_win.cc(457)] unexpected header
[1117/065411.092:ERROR:crash_report_database_win.cc(457)] unexpected header
[1117/070911.092:ERROR:crash_report_database_win.cc(457)] unexpected header
[1117/072411.093:ERROR:crash_report_database_win.cc(457)] unexpected header
[1117/073911.095:ERROR:crash_report_database_win.cc(457)] unexpected header
[1117/075411.095:ERROR:crash_report_database_win.cc(457)] unexpected header
[1117/080911.096:ERROR:crash_report_database_win.cc(457)] unexpected header
[1117/082411.099:ERROR:crash_report_database_win.cc(457)] unexpected header
[1117/083911.099:ERROR:crash_report_database_win.cc(457)] unexpected header
[1117/093233.854:ERROR:crash_report_database_win.cc(457)] unexpected header
[1117/094733.863:ERROR:crash_report_database_win.cc(457)] unexpected header
[1117/100233.867:ERROR:crash_report_database_win.cc(457)] unexpected header
[1117/101733.881:ERROR:crash_report_database_win.cc(457)] unexpected header
[1117/161353.897:ERROR:crash_report_database_win.cc(457)] unexpected header
[1117/162853.898:ERROR:crash_report_database_win.cc(457)] unexpected header
[1117/164353.898:ERROR:crash_report_database_win.cc(457)] unexpected header
[1117/165853.911:ERROR:crash_report_database_win.cc(457)] unexpected header
[1117/165857.974:ERROR:crash_report_database_win.cc(457)] unexpected header
[1117/171353.916:ERROR:crash_report_database_win.cc(457)] unexpected header
[1117/172853.921:ERROR:crash_report_database_win.cc(457)] unexpected header
[1117/174353.927:ERROR:crash_report_database_win.cc(457)] unexpected header
[1117/175853.927:ERROR:crash_report_database_win.cc(457)] unexpected header
[1117/181353.929:ERROR:crash_report_database_win.cc(457)] unexpected header
[1117/182853.930:ERROR:crash_report_database_win.cc(457)] unexpected header
[1117/184353.931:ERROR:crash_report_database_win.cc(457)] unexpected header
[1117/185853.936:ERROR:crash_report_database_win.cc(457)] unexpected header
[1117/191353.937:ERROR:crash_report_database_win.cc(457)] unexpected header
[1117/192853.944:ERROR:crash_report_database_win.cc(457)] unexpected header
[1118/034012.565:ERROR:crash_report_database_win.cc(457)] unexpected header
[1118/051957.888:ERROR:crash_report_database_win.cc(457)] unexpected header
[1118/162735.072:ERROR:crash_report_database_win.cc(457)] unexpected header
[1118/163735.075:ERROR:crash_report_database_win.cc(457)] unexpected header
[1118/163735.079:ERROR:filesystem_win.cc(129)] GetFileAttributes C:\Users\rober\AppData\Local\Google\Chrome\User Data\Crashpad\attachments\5be84748-f6fb-4b6e-b3fa-97ff7dae7728: The system cannot find the path specified. (0x3)
[1118/163735.079:ERROR:directory_reader_win.cc(43)] FindFirstFile: The system cannot find the path specified. (0x3)
[1118/163735.079:ERROR:crash_report_database_win.cc(457)] unexpected header
[1118/163735.083:ERROR:crash_report_database_win.cc(457)] unexpected header
[1118/164235.075:ERROR:crash_report_database_win.cc(457)] unexpected header
[1118/165735.086:ERROR:crash_report_database_win.cc(457)] unexpected header
[1119/045407.140:ERROR:crash_report_database_win.cc(457)] unexpected header
[1119/141046.990:ERROR:crash_report_database_win.cc(457)] unexpected header
[1120/043223.866:ERROR:crash_report_database_win.cc(457)] unexpected header
[1120/071316.896:ERROR:crash_report_database_win.cc(457)] unexpected header
[1120/072316.918:ERROR:crash_report_database_win.cc(457)] unexpected header
[1120/072316.918:ERROR:directory_reader_win.cc(43)] FindFirstFile: The system cannot find the path specified. (0x3)
[1120/072316.918:ERROR:crash_report_database_win.cc(457)] unexpected header
[1120/072316.922:ERROR:crash_report_database_win.cc(457)] unexpected header
[1120/072816.900:ERROR:crash_report_database_win.cc(457)] unexpected header
[1120/163038.520:ERROR:crash_report_database_win.cc(457)] unexpected header
[1120/164038.521:ERROR:crash_report_database_win.cc(457)] unexpected header
[1120/164038.521:ERROR:directory_reader_win.cc(43)] FindFirstFile: The system cannot find the path specified. (0x3)
[1120/164038.521:ERROR:crash_report_database_win.cc(457)] unexpected header
[1120/164038.521:ERROR:crash_report_database_win.cc(457)] unexpected header
[1120/164538.532:ERROR:crash_report_database_win.cc(457)] unexpected header
[1120/170038.539:ERROR:crash_report_database_win.cc(457)] unexpected header
[1121/053904.920:ERROR:crash_report_database_win.cc(457)] unexpected header
[1121/170604.268:ERROR:crash_report_database_win.cc(457)] unexpected header
[1121/171604.271:ERROR:crash_report_database_win.cc(457)] unexpected header
[1121/171604.271:ERROR:directory_reader_win.cc(43)] FindFirstFile: The system cannot find the path specified. (0x3)
[1121/171604.272:ERROR:crash_report_database_win.cc(457)] unexpected header
[1121/171604.272:ERROR:crash_report_database_win.cc(457)] unexpected header
[1121/172104.271:ERROR:crash_report_database_win.cc(457)] unexpected header
[1121/173604.271:ERROR:crash_report_database_win.cc(457)] unexpected header
[1121/175104.271:ERROR:crash_report_database_win.cc(457)] unexpected header
[1121/180604.272:ERROR:crash_report_database_win.cc(457)] unexpected header
[1121/182104.281:ERROR:crash_report_database_win.cc(457)] unexpected header
[1121/183604.300:ERROR:crash_report_database_win.cc(457)] unexpected header
[1121/185104.300:ERROR:crash_report_database_win.cc(457)] unexpected header
[1121/190604.306:ERROR:crash_report_database_win.cc(457)] unexpected header
[1121/192104.328:ERROR:crash_report_database_win.cc(457)] unexpected header
[1121/193604.328:ERROR:crash_report_database_win.cc(457)] unexpected header
[1121/195104.329:ERROR:crash_report_database_win.cc(457)] unexpected header
[1121/200604.329:ERROR:crash_report_database_win.cc(457)] unexpected header
[1121/202104.330:ERROR:crash_report_database_win.cc(457)] unexpected header
[1121/203604.333:ERROR:crash_report_database_win.cc(457)] unexpected header
[1121/205104.333:ERROR:crash_report_database_win.cc(457)] unexpected header
[1122/055153.692:ERROR:crash_report_database_win.cc(457)] unexpected header
[1122/064629.521:ERROR:crash_report_database_win.cc(457)] unexpected header
[1122/174013.957:ERROR:crash_report_database_win.cc(457)] unexpected header
[1122/175013.961:ERROR:crash_report_database_win.cc(457)] unexpected header
[1122/175013.962:ERROR:directory_reader_win.cc(43)] FindFirstFile: The system cannot find the path specified. (0x3)
[1122/175013.963:ERROR:crash_report_database_win.cc(457)] unexpected header
[1122/175013.964:ERROR:crash_report_database_win.cc(457)] unexpected header
[1122/175513.967:ERROR:crash_report_database_win.cc(457)] unexpected header
[1122/181013.968:ERROR:crash_report_database_win.cc(457)] unexpected header
[1122/182513.971:ERROR:crash_report_database_win.cc(457)] unexpected header
[1122/184013.971:ERROR:crash_report_database_win.cc(457)] unexpected header
[1122/185513.979:ERROR:crash_report_database_win.cc(457)] unexpected header
[1122/191013.984:ERROR:crash_report_database_win.cc(457)] unexpected header
[1122/192513.984:ERROR:crash_report_database_win.cc(457)] unexpected header
[1122/194013.986:ERROR:crash_report_database_win.cc(457)] unexpected header
[1122/195513.988:ERROR:crash_report_database_win.cc(457)] unexpected header
[1122/201013.988:ERROR:crash_report_database_win.cc(457)] unexpected header
[1122/202513.988:ERROR:crash_report_database_win.cc(457)] unexpected header
[1122/204014.012:ERROR:crash_report_database_win.cc(457)] unexpected header
[1123/061435.135:ERROR:crash_report_database_win.cc(457)] unexpected header
[1124/072608.646:ERROR:crash_report_database_win.cc(457)] unexpected header
[1125/053746.669:ERROR:crash_report_database_win.cc(457)] unexpected header
[1125/102402.119:ERROR:crash_report_database_win.cc(457)] unexpected header
[1125/181026.964:ERROR:crash_report_database_win.cc(457)] unexpected header
[1126/071103.939:ERROR:crash_report_database_win.cc(457)] unexpected header
[1126/072103.942:ERROR:crash_report_database_win.cc(457)] unexpected header
[1126/072103.942:ERROR:directory_reader_win.cc(43)] FindFirstFile: The system cannot find the path specified. (0x3)
[1126/072103.942:ERROR:crash_report_database_win.cc(457)] unexpected header
[1126/072103.946:ERROR:crash_report_database_win.cc(457)] unexpected header
[1126/072603.940:ERROR:crash_report_database_win.cc(457)] unexpected header
[1127/041404.604:ERROR:crash_report_database_win.cc(457)] unexpected header
[1127/063447.028:ERROR:crash_report_database_win.cc(457)] unexpected header
[1127/101420.620:ERROR:crash_report_database_win.cc(457)] unexpected header
[1127/105342.212:ERROR:crash_report_database_win.cc(457)] unexpected header
[1127/110342.213:ERROR:crash_report_database_win.cc(457)] unexpected header
[1127/110342.213:ERROR:directory_reader_win.cc(43)] FindFirstFile: The system cannot find the path specified. (0x3)
[1127/110342.213:ERROR:crash_report_database_win.cc(457)] unexpected header
[1127/110342.213:ERROR:crash_report_database_win.cc(457)] unexpected header
[1127/110842.213:ERROR:crash_report_database_win.cc(457)] unexpected header
[1127/112342.213:ERROR:crash_report_database_win.cc(457)] unexpected header
[1127/113842.219:ERROR:crash_report_database_win.cc(457)] unexpected header
[1127/115342.222:ERROR:crash_report_database_win.cc(457)] unexpected header
[1127/120842.226:ERROR:crash_report_database_win.cc(457)] unexpected header
[1127/122342.229:ERROR:crash_report_database_win.cc(457)] unexpected header
[1127/123842.236:ERROR:crash_report_database_win.cc(457)] unexpected header
[1127/125342.239:ERROR:crash_report_database_win.cc(457)] unexpected header
[1127/130842.239:ERROR:crash_report_database_win.cc(457)] unexpected header
[1127/132342.239:ERROR:crash_report_database_win.cc(457)] unexpected header
[1127/161254.520:ERROR:crash_report_database_win.cc(457)] unexpected header
[1127/162404.206:ERROR:crash_report_database_win.cc(457)] unexpected header
[1127/163904.206:ERROR:crash_report_database_win.cc(457)] unexpected header
[1127/165404.208:ERROR:crash_report_database_win.cc(457)] unexpected header
[1127/170904.212:ERROR:crash_report_database_win.cc(457)] unexpected header
[1127/172404.220:ERROR:crash_report_database_win.cc(457)] unexpected header
[1127/173904.224:ERROR:crash_report_database_win.cc(457)] unexpected header
[1127/175404.224:ERROR:crash_report_database_win.cc(457)] unexpected header
[1127/180904.239:ERROR:crash_report_database_win.cc(457)] unexpected header
[1127/182404.247:ERROR:crash_report_database_win.cc(457)] unexpected header
[1127/183904.255:ERROR:crash_report_database_win.cc(457)] unexpected header
[1127/185404.256:ERROR:crash_report_database_win.cc(457)] unexpected header
[1127/190904.257:ERROR:crash_report_database_win.cc(457)] unexpected header
[1127/192404.258:ERROR:crash_report_database_win.cc(457)] unexpected header
[1127/193904.259:ERROR:crash_report_database_win.cc(457)] unexpected header
[1128/173318.771:ERROR:crash_report_database_win.cc(457)] unexpected header
[1129/060512.735:ERROR:crash_report_database_win.cc(457)] unexpected header
[1129/091802.349:ERROR:crash_report_database_win.cc(457)] unexpected header
[1129/092802.358:ERROR:crash_report_database_win.cc(457)] unexpected header
[1129/092802.358:ERROR:directory_reader_win.cc(43)] FindFirstFile: The system cannot find the path specified. (0x3)
[1129/092802.358:ERROR:crash_report_database_win.cc(457)] unexpected header
[1129/092802.358:ERROR:crash_report_database_win.cc(457)] unexpected header
[1129/093302.357:ERROR:crash_report_database_win.cc(457)] unexpected header
[1129/094802.358:ERROR:crash_report_database_win.cc(457)] unexpected header
[1129/100302.365:ERROR:crash_report_database_win.cc(457)] unexpected header
[1129/101802.378:ERROR:crash_report_database_win.cc(457)] unexpected header
[1129/103302.382:ERROR:crash_report_database_win.cc(457)] unexpected header
[1129/104802.396:ERROR:crash_report_database_win.cc(457)] unexpected header
[1129/110302.400:ERROR:crash_report_database_win.cc(457)] unexpected header
[1130/034701.073:ERROR:crash_report_database_win.cc(457)] unexpected header
[1130/073409.588:ERROR:directory_reader_win.cc(43)] FindFirstFile: The system cannot find the path specified. (0x3)
[1201/060957.744:ERROR:directory_reader_win.cc(43)] FindFirstFile: The system cannot find the path specified. (0x3)
